  Bluewave.Interop.Asio.vcxproj -> C:\git\fydp\regis\Debug\Bluewave.Interop.Asio.dll
  
  -------------------------------------------------------------------------------
     ROBOCOPY     ::     Robust File Copy for Windows                              
  -------------------------------------------------------------------------------
  
    Started : Wed Jun 20 19:51:15 2012
  
     Source : C:\git\fydp\regis\Debug\
       Dest : C:\git\fydp\regis\regisPlugins\
  
      Files : Bluewave.Interop.Asio.dll
  	    Bluewave.Interop.Asio.pdb
  	    
    Options : /COPY:DAT /R:1000000 /W:30 
  
  ------------------------------------------------------------------------------
  
  	                   2	C:\git\fydp\regis\Debug\
  	    New File  		   62464	Bluewave.Interop.Asio.dll
    0%  
  100%  
  	    New File  		  453632	Bluewave.Interop.Asio.pdb
    0%  
   28%  
   57%  
   86%  
  100%  
  
  ------------------------------------------------------------------------------
  
                 Total    Copied   Skipped  Mismatch    FAILED    Extras
      Dirs :         1         0         1         0         0         0
     Files :         2         2         0         0         0         0
     Bytes :   504.0 k   504.0 k         0         0         0         0
     Times :   0:00:00   0:00:00                       0:00:00   0:00:00
  
  
     Speed :           258048000 Bytes/sec.
     Speed :           14765.625 MegaBytes/min.
  
     Ended : Wed Jun 20 19:51:15 2012
